<?xml version="1.0" encoding="UTF-8"?>
<!-- Generated by org.testng.reporters.JUnitReportReporter -->
<testsuite hostname="NirEyeni" failures="0" tests="5" name="runners.MainRunner" time="15.229" errors="0" timestamp="2023-08-28T15:28:34 BST" skipped="0">
  <testcase classname="runners.MainRunner" name="runScenario" time="3.068"/>
  <testcase classname="runners.MainRunner" name="runScenario" time="3.018"/>
  <testcase classname="runners.MainRunner" name="runScenario" time="3.067"/>
  <testcase classname="runners.MainRunner" name="runScenario" time="3.068"/>
  <testcase classname="runners.MainRunner" name="runScenario" time="3.008"/>
</testsuite> <!-- runners.MainRunner -->
