<?xml version="1.0" encoding="UTF-8"?>
<!-- Generated by org.testng.reporters.JUnitReportReporter -->
<testsuite hostname="NirEyeni" failures="0" tests="2" name="runners.MainRunner" time="8.977" errors="0" timestamp="2023-08-29T19:01:10 BST" skipped="0">
  <testcase classname="runners.MainRunner" name="runScenario" time="5.091"/>
  <testcase classname="runners.MainRunner" name="runScenario" time="3.886"/>
</testsuite> <!-- runners.MainRunner -->
